0 info it worked if it ends with ok
1 verbose cli [ 'C:\\Program Files\\nodejs\\node.exe',
1 verbose cli   'C:\\Program Files\\nodejs\\node_modules\\npm\\bin\\npm-cli.js',
1 verbose cli   'install' ]
2 info using npm@3.10.10
3 info using node@v6.11.2
4 silly loadCurrentTree Starting
5 silly install loadCurrentTree
6 silly install readLocalPackageData
7 silly install normalizeTree
8 silly loadCurrentTree Finishing
9 silly loadIdealTree Starting
10 silly install loadIdealTree
11 silly cloneCurrentTree Starting
12 silly install cloneCurrentTreeToIdealTree
13 silly cloneCurrentTree Finishing
14 silly loadShrinkwrap Starting
15 silly install loadShrinkwrap
16 silly loadShrinkwrap Finishing
17 silly loadAllDepsIntoIdealTree Starting
18 silly install loadAllDepsIntoIdealTree
19 silly fetchNamedPackageData slider-pro
20 silly mapToRegistry name slider-pro
21 silly mapToRegistry using default registry
22 silly mapToRegistry registry https://registry.npmjs.org/
23 silly mapToRegistry data Result {
23 silly mapToRegistry   raw: 'slider-pro',
23 silly mapToRegistry   scope: null,
23 silly mapToRegistry   escapedName: 'slider-pro',
23 silly mapToRegistry   name: 'slider-pro',
23 silly mapToRegistry   rawSpec: '',
23 silly mapToRegistry   spec: 'latest',
23 silly mapToRegistry   type: 'tag' }
24 silly mapToRegistry uri https://registry.npmjs.org/slider-pro
25 verbose request uri https://registry.npmjs.org/slider-pro
26 verbose request no auth needed
27 info attempt registry request try #1 at 17:48:35
28 verbose request id 18e59bbe18ad70d4
29 http request GET https://registry.npmjs.org/slider-pro
30 http 200 https://registry.npmjs.org/slider-pro
31 verbose headers { server: 'nginx/1.10.1',
31 verbose headers   'content-type': 'application/json',
31 verbose headers   'last-modified': 'Thu, 04 May 2017 03:04:26 GMT',
31 verbose headers   etag: 'W/"590a9a3a-6d1e"',
31 verbose headers   'content-encoding': 'gzip',
31 verbose headers   'cache-control': 'max-age=300',
31 verbose headers   'content-length': '4351',
31 verbose headers   'accept-ranges': 'bytes',
31 verbose headers   date: 'Fri, 13 Oct 2017 22:48:31 GMT',
31 verbose headers   via: '1.1 varnish',
31 verbose headers   age: '0',
31 verbose headers   connection: 'keep-alive',
31 verbose headers   'x-served-by': 'cache-atl6224-ATL',
31 verbose headers   'x-cache': 'MISS',
31 verbose headers   'x-cache-hits': '0',
31 verbose headers   'x-timer': 'S1507934911.068520,VS0,VE40',
31 verbose headers   vary: 'Accept-Encoding, Accept' }
32 silly get cb [ 200,
32 silly get   { server: 'nginx/1.10.1',
32 silly get     'content-type': 'application/json',
32 silly get     'last-modified': 'Thu, 04 May 2017 03:04:26 GMT',
32 silly get     etag: 'W/"590a9a3a-6d1e"',
32 silly get     'content-encoding': 'gzip',
32 silly get     'cache-control': 'max-age=300',
32 silly get     'content-length': '4351',
32 silly get     'accept-ranges': 'bytes',
32 silly get     date: 'Fri, 13 Oct 2017 22:48:31 GMT',
32 silly get     via: '1.1 varnish',
32 silly get     age: '0',
32 silly get     connection: 'keep-alive',
32 silly get     'x-served-by': 'cache-atl6224-ATL',
32 silly get     'x-cache': 'MISS',
32 silly get     'x-cache-hits': '0',
32 silly get     'x-timer': 'S1507934911.068520,VS0,VE40',
32 silly get     vary: 'Accept-Encoding, Accept' } ]
33 verbose get saving slider-pro to C:\Users\lenovo\AppData\Roaming\npm-cache\registry.npmjs.org\slider-pro\.cache.json
34 verbose correctMkdir C:\Users\lenovo\AppData\Roaming\npm-cache correctMkdir not in flight; initializing
35 silly resolveWithNewModule slider-pro@1.3.0 checking installable status
36 silly cache add args [ 'slider-pro@^1.3.0', null ]
37 verbose cache add spec slider-pro@^1.3.0
38 silly cache add parsed spec Result {
38 silly cache add   raw: 'slider-pro@^1.3.0',
38 silly cache add   scope: null,
38 silly cache add   escapedName: 'slider-pro',
38 silly cache add   name: 'slider-pro',
38 silly cache add   rawSpec: '^1.3.0',
38 silly cache add   spec: '>=1.3.0 <2.0.0',
38 silly cache add   type: 'range' }
39 silly addNamed slider-pro@>=1.3.0 <2.0.0
40 verbose addNamed ">=1.3.0 <2.0.0" is a valid semver range for slider-pro
41 silly addNameRange { name: 'slider-pro', range: '>=1.3.0 <2.0.0', hasData: false }
42 silly mapToRegistry name slider-pro
43 silly mapToRegistry using default registry
44 silly mapToRegistry registry https://registry.npmjs.org/
45 silly mapToRegistry data Result {
45 silly mapToRegistry   raw: 'slider-pro',
45 silly mapToRegistry   scope: null,
45 silly mapToRegistry   escapedName: 'slider-pro',
45 silly mapToRegistry   name: 'slider-pro',
45 silly mapToRegistry   rawSpec: '',
45 silly mapToRegistry   spec: 'latest',
45 silly mapToRegistry   type: 'tag' }
46 silly mapToRegistry uri https://registry.npmjs.org/slider-pro
47 verbose addNameRange registry:https://registry.npmjs.org/slider-pro not in flight; fetching
48 verbose get https://registry.npmjs.org/slider-pro not expired, no request
49 silly addNameRange number 2 { name: 'slider-pro', range: '>=1.3.0 <2.0.0', hasData: true }
50 silly addNameRange versions [ 'slider-pro',
50 silly addNameRange   [ '1.0.0',
50 silly addNameRange     '1.0.1',
50 silly addNameRange     '1.0.2',
50 silly addNameRange     '1.0.3',
50 silly addNameRange     '1.0.4',
50 silly addNameRange     '1.0.5',
50 silly addNameRange     '1.0.6',
50 silly addNameRange     '1.0.7',
50 silly addNameRange     '1.0.8',
50 silly addNameRange     '1.0.9',
50 silly addNameRange     '1.1.0',
50 silly addNameRange     '1.2.0',
50 silly addNameRange     '1.2.1',
50 silly addNameRange     '1.2.2',
50 silly addNameRange     '1.2.3',
50 silly addNameRange     '1.2.5',
50 silly addNameRange     '1.3.0' ] ]
51 silly addNamed slider-pro@1.3.0
52 verbose addNamed "1.3.0" is a plain semver version for slider-pro
53 silly mapToRegistry name slider-pro
54 silly mapToRegistry using default registry
55 silly mapToRegistry registry https://registry.npmjs.org/
56 silly mapToRegistry data Result {
56 silly mapToRegistry   raw: 'slider-pro',
56 silly mapToRegistry   scope: null,
56 silly mapToRegistry   escapedName: 'slider-pro',
56 silly mapToRegistry   name: 'slider-pro',
56 silly mapToRegistry   rawSpec: '',
56 silly mapToRegistry   spec: 'latest',
56 silly mapToRegistry   type: 'tag' }
57 silly mapToRegistry uri https://registry.npmjs.org/slider-pro
58 verbose addRemoteTarball https://registry.npmjs.org/slider-pro/-/slider-pro-1.3.0.tgz not in flight; adding
59 verbose addRemoteTarball [ 'https://registry.npmjs.org/slider-pro/-/slider-pro-1.3.0.tgz',
59 verbose addRemoteTarball   'ac4eb3282f4ac2128de49775dca8b02610ffb9b8' ]
60 info retry fetch attempt 1 at 17:48:36
61 info attempt registry request try #1 at 17:48:36
62 http fetch GET https://registry.npmjs.org/slider-pro/-/slider-pro-1.3.0.tgz
63 http fetch 200 https://registry.npmjs.org/slider-pro/-/slider-pro-1.3.0.tgz
64 silly fetchAndShaCheck shasum ac4eb3282f4ac2128de49775dca8b02610ffb9b8
65 verbose addTmpTarball C:\Users\lenovo\AppData\Local\Temp\npm-6580-61554a3c\registry.npmjs.org\slider-pro\-\slider-pro-1.3.0.tgz not in flight; adding
66 verbose addTmpTarball already have metadata; skipping unpack for slider-pro@1.3.0
67 verbose correctMkdir C:\Users\lenovo\AppData\Roaming\npm-cache correctMkdir not in flight; initializing
68 silly cache afterAdd slider-pro@1.3.0
69 verbose afterAdd C:\Users\lenovo\AppData\Roaming\npm-cache\slider-pro\1.3.0\package\package.json not in flight; writing
70 verbose correctMkdir C:\Users\lenovo\AppData\Roaming\npm-cache correctMkdir not in flight; initializing
71 verbose afterAdd C:\Users\lenovo\AppData\Roaming\npm-cache\slider-pro\1.3.0\package\package.json written
72 silly loadAllDepsIntoIdealTree Finishing
73 silly loadIdealTree Finishing
74 silly currentTree pagina@1.0.0
74 silly currentTree +-- accepts@1.0.7
74 silly currentTree +-- after@0.8.2
74 silly currentTree +-- ansi-regex@2.1.1
74 silly currentTree +-- ansi-styles@2.2.1
74 silly currentTree +-- archy@1.0.0
74 silly currentTree +-- arr-diff@2.0.0
74 silly currentTree +-- arr-flatten@1.1.0
74 silly currentTree +-- array-differ@1.0.0
74 silly currentTree +-- array-each@1.0.1
74 silly currentTree +-- array-slice@1.0.0
74 silly currentTree +-- array-uniq@1.0.3
74 silly currentTree +-- array-unique@0.2.1
74 silly currentTree +-- arraybuffer.slice@0.0.6
74 silly currentTree +-- backo2@1.0.2
74 silly currentTree +-- balanced-match@1.0.0
74 silly currentTree +-- base64-arraybuffer@0.1.5
74 silly currentTree +-- base64id@1.0.0
74 silly currentTree +-- batch@0.5.1
74 silly currentTree +-- beeper@1.1.1
74 silly currentTree +-- better-assert@1.0.2
74 silly currentTree +-- blob@0.0.4
74 silly currentTree +-- brace-expansion@1.1.8
74 silly currentTree +-- braces@1.8.5
74 silly currentTree +-- callsite@1.0.0
74 silly currentTree +-- chalk@1.1.3
74 silly currentTree +-- clean-css@4.1.9
74 silly currentTree +-- clone-buffer@1.0.0
74 silly currentTree +-- clone-stats@0.0.1
74 silly currentTree +-- clone@1.0.2
74 silly currentTree +-- cloneable-readable@1.0.0
74 silly currentTree +-- commander@2.11.0
74 silly currentTree +-- component-bind@1.0.0
74 silly currentTree +-- component-emitter@1.1.2
74 silly currentTree +-- component-inherit@0.0.3
74 silly currentTree +-- concat-map@0.0.1
74 silly currentTree +-- concat-with-sourcemaps@1.0.4
74 silly currentTree +-- connect-inject@0.3.2
74 silly currentTree +-- connect@3.1.1
74 silly currentTree +-- convert-source-map@1.5.0
74 silly currentTree +-- cookie@0.3.1
74 silly currentTree +-- core-util-is@1.0.2
74 silly currentTree +-- dateformat@2.2.0
74 silly currentTree +-- debug@1.0.4
74 silly currentTree +-- defaults@1.0.3
74 silly currentTree +-- depd@0.4.4
74 silly currentTree +-- deprecated@0.0.1
74 silly currentTree +-- destroy@1.0.3
74 silly currentTree +-- detect-file@0.1.0
74 silly currentTree +-- duplexer@0.1.1
74 silly currentTree +-- duplexer2@0.0.2
74 silly currentTree +-- duplexify@3.5.1
74 silly currentTree | +-- end-of-stream@1.4.0
74 silly currentTree | +-- isarray@1.0.0
74 silly currentTree | +-- once@1.4.0
74 silly currentTree | +-- readable-stream@2.3.3
74 silly currentTree | `-- string_decoder@1.0.3
74 silly currentTree +-- ee-first@1.0.5
74 silly currentTree +-- end-of-stream@0.1.5
74 silly currentTree +-- engine.io-client@1.8.4
74 silly currentTree | +-- component-emitter@1.2.1
74 silly currentTree | +-- debug@2.3.3
74 silly currentTree | +-- ms@0.7.2
74 silly currentTree | `-- ws@1.1.2
74 silly currentTree +-- engine.io-parser@1.3.2
74 silly currentTree +-- engine.io@1.8.4
74 silly currentTree | +-- accepts@1.3.3
74 silly currentTree | +-- debug@2.3.3
74 silly currentTree | +-- mime-types@2.1.17
74 silly currentTree | +-- ms@0.7.2
74 silly currentTree | `-- negotiator@0.6.1
74 silly currentTree +-- escape-html@1.0.1
74 silly currentTree +-- escape-string-regexp@1.0.5
74 silly currentTree +-- event-stream@3.3.4
74 silly currentTree +-- expand-brackets@0.1.5
74 silly currentTree +-- expand-range@1.8.2
74 silly currentTree +-- expand-tilde@1.2.2
74 silly currentTree +-- extend-shallow@2.0.1
74 silly currentTree +-- extend@3.0.1
74 silly currentTree +-- extglob@0.3.2
74 silly currentTree +-- fancy-log@1.3.0
74 silly currentTree +-- filename-regex@2.0.1
74 silly currentTree +-- fill-range@2.2.3
74 silly currentTree +-- finalhandler@0.1.0
74 silly currentTree +-- find-index@0.1.1
74 silly currentTree +-- findup-sync@0.4.3
74 silly currentTree +-- fined@1.1.0
74 silly currentTree | `-- expand-tilde@2.0.2
74 silly currentTree +-- first-chunk-stream@1.0.0
74 silly currentTree +-- flagged-respawn@0.3.2
74 silly currentTree +-- for-in@1.0.2
74 silly currentTree +-- for-own@0.1.5
74 silly currentTree +-- fork-stream@0.0.4
74 silly currentTree +-- fresh@0.2.2
74 silly currentTree +-- from@0.1.7
74 silly currentTree +-- fs-exists-sync@0.1.0
74 silly currentTree +-- fs.realpath@1.0.0
74 silly currentTree +-- gaze@0.5.2
74 silly currentTree +-- glob-base@0.3.0
74 silly currentTree +-- glob-parent@2.0.0
74 silly currentTree +-- glob-stream@3.1.18
74 silly currentTree | +-- readable-stream@1.0.34
74 silly currentTree | `-- through2@0.6.5
74 silly currentTree +-- glob-watcher@0.0.6
74 silly currentTree +-- glob@4.5.3
74 silly currentTree +-- glob2base@0.0.12
74 silly currentTree +-- global-modules@0.2.3
74 silly currentTree +-- global-prefix@0.1.5
74 silly currentTree +-- globule@0.1.0
74 silly currentTree | +-- glob@3.1.21
74 silly currentTree | +-- graceful-fs@1.2.3
74 silly currentTree | +-- inherits@1.0.2
74 silly currentTree | `-- minimatch@0.2.14
74 silly currentTree +-- glogg@1.0.0
74 silly currentTree +-- graceful-fs@3.0.11
74 silly currentTree +-- gulp-clean-css@3.9.0
74 silly currentTree +-- gulp-concat@2.6.1
74 silly currentTree | +-- clone-stats@1.0.0
74 silly currentTree | +-- clone@2.1.1
74 silly currentTree | +-- replace-ext@1.0.0
74 silly currentTree | `-- vinyl@2.1.0
74 silly currentTree +-- gulp-if@2.0.2
74 silly currentTree +-- gulp-match@1.0.3
74 silly currentTree | `-- minimatch@3.0.4
74 silly currentTree +-- gulp-server-livereload@1.9.2
74 silly currentTree | +-- clone@0.2.0
74 silly currentTree | +-- glob-stream@4.1.1
74 silly currentTree | | +-- through2@0.6.5
74 silly currentTree | | `-- xtend@4.0.1
74 silly currentTree | +-- glob-watcher@0.0.8
74 silly currentTree | +-- lodash@4.17.4
74 silly currentTree | +-- object-assign@2.1.1
74 silly currentTree | +-- readable-stream@1.0.34
74 silly currentTree | +-- through2@0.5.1
74 silly currentTree | +-- unique-stream@2.2.1
74 silly currentTree | +-- vinyl-fs@1.0.0
74 silly currentTree | | +-- through2@0.6.5
74 silly currentTree | | `-- xtend@4.0.1
74 silly currentTree | +-- vinyl@0.4.6
74 silly currentTree | `-- xtend@3.0.0
74 silly currentTree +-- gulp-sourcemaps@1.6.0
74 silly currentTree | +-- graceful-fs@4.1.11
74 silly currentTree | +-- strip-bom@2.0.0
74 silly currentTree | `-- vinyl@1.2.0
74 silly currentTree +-- gulp-uglify@3.0.0
74 silly currentTree | `-- lodash@4.17.4
74 silly currentTree +-- gulp-useref@3.1.2
74 silly currentTree | +-- glob-parent@3.1.0
74 silly currentTree | +-- glob-stream@5.3.5
74 silly currentTree | | +-- glob@5.0.15
74 silly currentTree | | +-- isarray@0.0.1
74 silly currentTree | | +-- readable-stream@1.0.34
74 silly currentTree | | +-- string_decoder@0.10.31
74 silly currentTree | | `-- through2@0.6.5
74 silly currentTree | +-- glob@7.1.2
74 silly currentTree | +-- graceful-fs@4.1.11
74 silly currentTree | +-- is-extglob@2.1.1
74 silly currentTree | +-- is-glob@3.1.0
74 silly currentTree | +-- isarray@1.0.0
74 silly currentTree | +-- merge-stream@1.0.1
74 silly currentTree | +-- minimatch@3.0.4
74 silly currentTree | +-- object-assign@4.1.1
74 silly currentTree | +-- ordered-read-streams@0.3.0
74 silly currentTree | +-- readable-stream@2.3.3
74 silly currentTree | +-- string_decoder@1.0.3
74 silly currentTree | +-- strip-bom@2.0.0
74 silly currentTree | +-- unique-stream@2.2.1
74 silly currentTree | +-- vinyl-fs@2.4.4
74 silly currentTree | `-- vinyl@1.2.0
74 silly currentTree +-- gulp-util@3.0.8
74 silly currentTree +-- gulp@3.9.1
74 silly currentTree +-- gulplog@1.0.0
74 silly currentTree +-- hammerjs@2.0.8
74 silly currentTree +-- has-ansi@2.0.0
74 silly currentTree +-- has-binary@0.1.7
74 silly currentTree +-- has-cors@1.1.0
74 silly currentTree +-- has-gulplog@0.1.0
74 silly currentTree +-- homedir-polyfill@1.0.1
74 silly currentTree +-- indexof@0.0.1
74 silly currentTree +-- inflight@1.0.6
74 silly currentTree +-- inherits@2.0.3
74 silly currentTree +-- ini@1.3.4
74 silly currentTree +-- interpret@1.0.4
74 silly currentTree +-- is-absolute-url@1.0.0
74 silly currentTree +-- is-absolute@0.2.6
74 silly currentTree +-- is-buffer@1.1.5
74 silly currentTree +-- is-dotfile@1.0.3
74 silly currentTree +-- is-equal-shallow@0.1.3
74 silly currentTree +-- is-extendable@0.1.1
74 silly currentTree +-- is-extglob@1.0.0
74 silly currentTree +-- is-glob@2.0.1
74 silly currentTree +-- is-number@2.1.0
74 silly currentTree +-- is-plain-object@2.0.4
74 silly currentTree | `-- isobject@3.0.1
74 silly currentTree +-- is-posix-bracket@0.1.1
74 silly currentTree +-- is-primitive@2.0.0
74 silly currentTree +-- is-relative-url@1.0.0
74 silly currentTree +-- is-relative@0.2.1
74 silly currentTree +-- is-stream@1.1.0
74 silly currentTree +-- is-unc-path@0.1.2
74 silly currentTree +-- is-utf8@0.2.1
74 silly currentTree +-- is-valid-glob@0.3.0
74 silly currentTree +-- is-windows@0.2.0
74 silly currentTree +-- is@0.3.0
74 silly currentTree +-- isarray@0.0.1
74 silly currentTree +-- isexe@2.0.0
74 silly currentTree +-- isobject@2.1.0
74 silly currentTree | `-- isarray@1.0.0
74 silly currentTree +-- jquery@3.2.1
74 silly currentTree +-- json-stable-stringify@1.0.1
74 silly currentTree +-- json3@3.3.2
74 silly currentTree +-- jsonify@0.0.0
74 silly currentTree +-- kind-of@3.2.2
74 silly currentTree +-- lazystream@1.0.0
74 silly currentTree | +-- isarray@1.0.0
74 silly currentTree | +-- readable-stream@2.3.3
74 silly currentTree | `-- string_decoder@1.0.3
74 silly currentTree +-- liftoff@2.3.0
74 silly currentTree +-- lodash._basecopy@3.0.1
74 silly currentTree +-- lodash._basetostring@3.0.1
74 silly currentTree +-- lodash._basevalues@3.0.0
74 silly currentTree +-- lodash._getnative@3.9.1
74 silly currentTree +-- lodash._isiterateecall@3.0.9
74 silly currentTree +-- lodash._reescape@3.0.0
74 silly currentTree +-- lodash._reevaluate@3.0.0
74 silly currentTree +-- lodash._reinterpolate@3.0.0
74 silly currentTree +-- lodash._root@3.0.1
74 silly currentTree +-- lodash.escape@3.2.0
74 silly currentTree +-- lodash.isarguments@3.1.0
74 silly currentTree +-- lodash.isarray@3.0.4
74 silly currentTree +-- lodash.isequal@4.5.0
74 silly currentTree +-- lodash.isplainobject@4.0.6
74 silly currentTree +-- lodash.isstring@4.0.1
74 silly currentTree +-- lodash.keys@3.1.2
74 silly currentTree +-- lodash.mapvalues@4.6.0
74 silly currentTree +-- lodash.restparam@3.6.1
74 silly currentTree +-- lodash.template@3.6.2
74 silly currentTree +-- lodash.templatesettings@3.1.1
74 silly currentTree +-- lodash@1.0.2
74 silly currentTree +-- lru-cache@2.7.3
74 silly currentTree +-- make-error-cause@1.2.2
74 silly currentTree +-- make-error@1.3.0
74 silly currentTree +-- map-cache@0.2.2
74 silly currentTree +-- map-stream@0.1.0
74 silly currentTree +-- materialize-css@0.100.2
74 silly currentTree +-- merge-stream@0.1.8
74 silly currentTree | +-- readable-stream@1.0.34
74 silly currentTree | `-- through2@0.6.5
74 silly currentTree +-- micromatch@2.3.11
74 silly currentTree +-- mime-db@1.30.0
74 silly currentTree +-- mime-types@1.0.2
74 silly currentTree +-- mime@1.2.11
74 silly currentTree +-- minimatch@2.0.10
74 silly currentTree +-- minimist@1.2.0
74 silly currentTree +-- mkdirp@0.5.1
74 silly currentTree | `-- minimist@0.0.8
74 silly currentTree +-- ms@0.6.2
74 silly currentTree +-- multipipe@0.1.2
74 silly currentTree +-- natives@1.1.0
74 silly currentTree +-- negotiator@0.4.7
74 silly currentTree +-- node-watch@0.3.5
74 silly currentTree +-- node.extend@1.0.10
74 silly currentTree +-- normalize-path@2.1.1
74 silly currentTree +-- object-assign@3.0.0
74 silly currentTree +-- object-component@0.0.3
74 silly currentTree +-- object.defaults@1.1.0
74 silly currentTree | +-- for-own@1.0.0
74 silly currentTree | `-- isobject@3.0.1
74 silly currentTree +-- object.omit@2.0.1
74 silly currentTree +-- object.pick@1.3.0
74 silly currentTree | `-- isobject@3.0.1
74 silly currentTree +-- on-finished@2.1.0
74 silly currentTree +-- once@1.3.3
74 silly currentTree +-- open@0.0.5
74 silly currentTree +-- options@0.0.6
74 silly currentTree +-- orchestrator@0.3.8
74 silly currentTree +-- ordered-read-streams@0.1.0
74 silly currentTree +-- os-homedir@1.0.2
74 silly currentTree +-- parse-filepath@1.0.1
74 silly currentTree +-- parse-glob@3.0.4
74 silly currentTree +-- parse-passwd@1.0.0
74 silly currentTree +-- parsejson@0.0.3
74 silly currentTree +-- parseqs@0.0.5
74 silly currentTree +-- parseuri@0.0.5
74 silly currentTree +-- parseurl@1.3.2
74 silly currentTree +-- path-dirname@1.0.2
74 silly currentTree +-- path-is-absolute@1.0.1
74 silly currentTree +-- path-parse@1.0.5
74 silly currentTree +-- path-root-regex@0.1.2
74 silly currentTree +-- path-root@0.1.1
74 silly currentTree +-- pause-stream@0.0.11
74 silly currentTree +-- preserve@0.2.0
74 silly currentTree +-- pretty-hrtime@1.0.3
74 silly currentTree +-- process-nextick-args@1.0.7
74 silly currentTree +-- proxy-middleware@0.15.0
74 silly currentTree +-- randomatic@1.1.7
74 silly currentTree | +-- is-number@3.0.0
74 silly currentTree | | `-- kind-of@3.2.2
74 silly currentTree | `-- kind-of@4.0.0
74 silly currentTree +-- range-parser@1.0.3
74 silly currentTree +-- readable-stream@1.1.14
74 silly currentTree +-- rechoir@0.6.2
74 silly currentTree +-- regex-cache@0.4.4
74 silly currentTree +-- remove-trailing-separator@1.1.0
74 silly currentTree +-- repeat-element@1.1.2
74 silly currentTree +-- repeat-string@1.6.1
74 silly currentTree +-- replace-ext@0.0.1
74 silly currentTree +-- resolve-dir@0.1.1
74 silly currentTree +-- resolve@1.4.0
74 silly currentTree +-- safe-buffer@5.1.1
74 silly currentTree +-- semver@4.3.6
74 silly currentTree +-- send@0.8.5
74 silly currentTree +-- sequencify@0.0.7
74 silly currentTree +-- serve-index@1.1.6
74 silly currentTree +-- serve-static@1.5.4
74 silly currentTree +-- sigmund@1.0.1
74 silly currentTree +-- socket.io-adapter@0.5.0
74 silly currentTree | +-- debug@2.3.3
74 silly currentTree | `-- ms@0.7.2
74 silly currentTree +-- socket.io-client@1.7.4
74 silly currentTree | +-- component-emitter@1.2.1
74 silly currentTree | +-- debug@2.3.3
74 silly currentTree | `-- ms@0.7.2
74 silly currentTree +-- socket.io-parser@2.3.1
74 silly currentTree | +-- debug@2.2.0
74 silly currentTree | `-- ms@0.7.1
74 silly currentTree +-- socket.io@1.7.4
74 silly currentTree | +-- debug@2.3.3
74 silly currentTree | +-- ms@0.7.2
74 silly currentTree | `-- object-assign@4.1.0
74 silly currentTree +-- source-map@0.5.7
74 silly currentTree +-- sparkles@1.0.0
74 silly currentTree +-- split@0.3.3
74 silly currentTree +-- stream-combiner@0.0.4
74 silly currentTree +-- stream-consume@0.1.0
74 silly currentTree +-- stream-shift@1.0.0
74 silly currentTree +-- string_decoder@0.10.31
74 silly currentTree +-- strip-ansi@3.0.1
74 silly currentTree +-- strip-bom-stream@1.0.0
74 silly currentTree | `-- strip-bom@2.0.0
74 silly currentTree +-- strip-bom@1.0.0
74 silly currentTree +-- supports-color@2.0.0
74 silly currentTree +-- ternary-stream@2.0.1
74 silly currentTree | +-- isarray@1.0.0
74 silly currentTree | +-- merge-stream@1.0.1
74 silly currentTree | +-- readable-stream@2.3.3
74 silly currentTree | `-- string_decoder@1.0.3
74 silly currentTree +-- through@2.3.8
74 silly currentTree +-- through2-filter@2.0.0
74 silly currentTree +-- through2@2.0.3
74 silly currentTree | +-- isarray@1.0.0
74 silly currentTree | +-- readable-stream@2.3.3
74 silly currentTree | `-- string_decoder@1.0.3
74 silly currentTree +-- tildify@1.2.0
74 silly currentTree +-- time-stamp@1.1.0
74 silly currentTree +-- to-absolute-glob@0.1.1
74 silly currentTree +-- to-array@0.1.4
74 silly currentTree +-- uglify-js@3.1.3
74 silly currentTree +-- ultron@1.0.2
74 silly currentTree +-- unc-path-regex@0.1.2
74 silly currentTree +-- unique-stream@1.0.0
74 silly currentTree +-- user-home@1.1.1
74 silly currentTree +-- useref@1.2.0
74 silly currentTree +-- util-deprecate@1.0.2
74 silly currentTree +-- utils-merge@1.0.0
74 silly currentTree +-- v8flags@2.1.1
74 silly currentTree +-- vali-date@1.0.0
74 silly currentTree +-- vinyl-fs@0.3.14
74 silly currentTree | +-- clone@0.2.0
74 silly currentTree | +-- readable-stream@1.0.34
74 silly currentTree | +-- through2@0.6.5
74 silly currentTree | `-- vinyl@0.4.6
74 silly currentTree +-- vinyl-sourcemaps-apply@0.2.1
74 silly currentTree +-- vinyl@0.5.3
74 silly currentTree +-- which@1.3.0
74 silly currentTree +-- wrappy@1.0.2
74 silly currentTree +-- ws@1.1.4
74 silly currentTree +-- wtf-8@1.0.0
74 silly currentTree +-- xmlhttprequest-ssl@1.5.3
74 silly currentTree +-- xtend@4.0.1
74 silly currentTree `-- yeast@0.1.2
75 silly idealTree pagina@1.0.0
75 silly idealTree +-- accepts@1.0.7
75 silly idealTree +-- after@0.8.2
75 silly idealTree +-- ansi-regex@2.1.1
75 silly idealTree +-- ansi-styles@2.2.1
75 silly idealTree +-- archy@1.0.0
75 silly idealTree +-- arr-diff@2.0.0
75 silly idealTree +-- arr-flatten@1.1.0
75 silly idealTree +-- array-differ@1.0.0
75 silly idealTree +-- array-each@1.0.1
75 silly idealTree +-- array-slice@1.0.0
75 silly idealTree +-- array-uniq@1.0.3
75 silly idealTree +-- array-unique@0.2.1
75 silly idealTree +-- arraybuffer.slice@0.0.6
75 silly idealTree +-- backo2@1.0.2
75 silly idealTree +-- balanced-match@1.0.0
75 silly idealTree +-- base64-arraybuffer@0.1.5
75 silly idealTree +-- base64id@1.0.0
75 silly idealTree +-- batch@0.5.1
75 silly idealTree +-- beeper@1.1.1
75 silly idealTree +-- better-assert@1.0.2
75 silly idealTree +-- blob@0.0.4
75 silly idealTree +-- brace-expansion@1.1.8
75 silly idealTree +-- braces@1.8.5
75 silly idealTree +-- callsite@1.0.0
75 silly idealTree +-- chalk@1.1.3
75 silly idealTree +-- clean-css@4.1.9
75 silly idealTree +-- clone-buffer@1.0.0
75 silly idealTree +-- clone-stats@0.0.1
75 silly idealTree +-- clone@1.0.2
75 silly idealTree +-- cloneable-readable@1.0.0
75 silly idealTree +-- commander@2.11.0
75 silly idealTree +-- component-bind@1.0.0
75 silly idealTree +-- component-emitter@1.1.2
75 silly idealTree +-- component-inherit@0.0.3
75 silly idealTree +-- concat-map@0.0.1
75 silly idealTree +-- concat-with-sourcemaps@1.0.4
75 silly idealTree +-- connect-inject@0.3.2
75 silly idealTree +-- connect@3.1.1
75 silly idealTree +-- convert-source-map@1.5.0
75 silly idealTree +-- cookie@0.3.1
75 silly idealTree +-- core-util-is@1.0.2
75 silly idealTree +-- dateformat@2.2.0
75 silly idealTree +-- debug@1.0.4
75 silly idealTree +-- defaults@1.0.3
75 silly idealTree +-- depd@0.4.4
75 silly idealTree +-- deprecated@0.0.1
75 silly idealTree +-- destroy@1.0.3
75 silly idealTree +-- detect-file@0.1.0
75 silly idealTree +-- duplexer@0.1.1
75 silly idealTree +-- duplexer2@0.0.2
75 silly idealTree +-- duplexify@3.5.1
75 silly idealTree | +-- end-of-stream@1.4.0
75 silly idealTree | +-- isarray@1.0.0
75 silly idealTree | +-- once@1.4.0
75 silly idealTree | +-- readable-stream@2.3.3
75 silly idealTree | `-- string_decoder@1.0.3
75 silly idealTree +-- ee-first@1.0.5
75 silly idealTree +-- end-of-stream@0.1.5
75 silly idealTree +-- engine.io-client@1.8.4
75 silly idealTree | +-- component-emitter@1.2.1
75 silly idealTree | +-- debug@2.3.3
75 silly idealTree | +-- ms@0.7.2
75 silly idealTree | `-- ws@1.1.2
75 silly idealTree +-- engine.io-parser@1.3.2
75 silly idealTree +-- engine.io@1.8.4
75 silly idealTree | +-- accepts@1.3.3
75 silly idealTree | +-- debug@2.3.3
75 silly idealTree | +-- mime-types@2.1.17
75 silly idealTree | +-- ms@0.7.2
75 silly idealTree | `-- negotiator@0.6.1
75 silly idealTree +-- escape-html@1.0.1
75 silly idealTree +-- escape-string-regexp@1.0.5
75 silly idealTree +-- event-stream@3.3.4
75 silly idealTree +-- expand-brackets@0.1.5
75 silly idealTree +-- expand-range@1.8.2
75 silly idealTree +-- expand-tilde@1.2.2
75 silly idealTree +-- extend-shallow@2.0.1
75 silly idealTree +-- extend@3.0.1
75 silly idealTree +-- extglob@0.3.2
75 silly idealTree +-- fancy-log@1.3.0
75 silly idealTree +-- filename-regex@2.0.1
75 silly idealTree +-- fill-range@2.2.3
75 silly idealTree +-- finalhandler@0.1.0
75 silly idealTree +-- find-index@0.1.1
75 silly idealTree +-- findup-sync@0.4.3
75 silly idealTree +-- fined@1.1.0
75 silly idealTree | `-- expand-tilde@2.0.2
75 silly idealTree +-- first-chunk-stream@1.0.0
75 silly idealTree +-- flagged-respawn@0.3.2
75 silly idealTree +-- for-in@1.0.2
75 silly idealTree +-- for-own@0.1.5
75 silly idealTree +-- fork-stream@0.0.4
75 silly idealTree +-- fresh@0.2.2
75 silly idealTree +-- from@0.1.7
75 silly idealTree +-- fs-exists-sync@0.1.0
75 silly idealTree +-- fs.realpath@1.0.0
75 silly idealTree +-- gaze@0.5.2
75 silly idealTree +-- glob-base@0.3.0
75 silly idealTree +-- glob-parent@2.0.0
75 silly idealTree +-- glob-stream@3.1.18
75 silly idealTree | +-- readable-stream@1.0.34
75 silly idealTree | `-- through2@0.6.5
75 silly idealTree +-- glob-watcher@0.0.6
75 silly idealTree +-- glob@4.5.3
75 silly idealTree +-- glob2base@0.0.12
75 silly idealTree +-- global-modules@0.2.3
75 silly idealTree +-- global-prefix@0.1.5
75 silly idealTree +-- globule@0.1.0
75 silly idealTree | +-- glob@3.1.21
75 silly idealTree | +-- graceful-fs@1.2.3
75 silly idealTree | +-- inherits@1.0.2
75 silly idealTree | `-- minimatch@0.2.14
75 silly idealTree +-- glogg@1.0.0
75 silly idealTree +-- graceful-fs@3.0.11
75 silly idealTree +-- gulp-clean-css@3.9.0
75 silly idealTree +-- gulp-concat@2.6.1
75 silly idealTree | +-- clone-stats@1.0.0
75 silly idealTree | +-- clone@2.1.1
75 silly idealTree | +-- replace-ext@1.0.0
75 silly idealTree | `-- vinyl@2.1.0
75 silly idealTree +-- gulp-if@2.0.2
75 silly idealTree +-- gulp-match@1.0.3
75 silly idealTree | `-- minimatch@3.0.4
75 silly idealTree +-- gulp-server-livereload@1.9.2
75 silly idealTree | +-- clone@0.2.0
75 silly idealTree | +-- glob-stream@4.1.1
75 silly idealTree | | +-- through2@0.6.5
75 silly idealTree | | `-- xtend@4.0.1
75 silly idealTree | +-- glob-watcher@0.0.8
75 silly idealTree | +-- lodash@4.17.4
75 silly idealTree | +-- object-assign@2.1.1
75 silly idealTree | +-- readable-stream@1.0.34
75 silly idealTree | +-- through2@0.5.1
75 silly idealTree | +-- unique-stream@2.2.1
75 silly idealTree | +-- vinyl-fs@1.0.0
75 silly idealTree | | +-- through2@0.6.5
75 silly idealTree | | `-- xtend@4.0.1
75 silly idealTree | +-- vinyl@0.4.6
75 silly idealTree | `-- xtend@3.0.0
75 silly idealTree +-- gulp-sourcemaps@1.6.0
75 silly idealTree | +-- graceful-fs@4.1.11
75 silly idealTree | +-- strip-bom@2.0.0
75 silly idealTree | `-- vinyl@1.2.0
75 silly idealTree +-- gulp-uglify@3.0.0
75 silly idealTree | `-- lodash@4.17.4
75 silly idealTree +-- gulp-useref@3.1.2
75 silly idealTree | +-- glob-parent@3.1.0
75 silly idealTree | +-- glob-stream@5.3.5
75 silly idealTree | | +-- glob@5.0.15
75 silly idealTree | | +-- isarray@0.0.1
75 silly idealTree | | +-- readable-stream@1.0.34
75 silly idealTree | | +-- string_decoder@0.10.31
75 silly idealTree | | `-- through2@0.6.5
75 silly idealTree | +-- glob@7.1.2
75 silly idealTree | +-- graceful-fs@4.1.11
75 silly idealTree | +-- is-extglob@2.1.1
75 silly idealTree | +-- is-glob@3.1.0
75 silly idealTree | +-- isarray@1.0.0
75 silly idealTree | +-- merge-stream@1.0.1
75 silly idealTree | +-- minimatch@3.0.4
75 silly idealTree | +-- object-assign@4.1.1
75 silly idealTree | +-- ordered-read-streams@0.3.0
75 silly idealTree | +-- readable-stream@2.3.3
75 silly idealTree | +-- string_decoder@1.0.3
75 silly idealTree | +-- strip-bom@2.0.0
75 silly idealTree | +-- unique-stream@2.2.1
75 silly idealTree | +-- vinyl-fs@2.4.4
75 silly idealTree | `-- vinyl@1.2.0
75 silly idealTree +-- gulp-util@3.0.8
75 silly idealTree +-- gulp@3.9.1
75 silly idealTree +-- gulplog@1.0.0
75 silly idealTree +-- hammerjs@2.0.8
75 silly idealTree +-- has-ansi@2.0.0
75 silly idealTree +-- has-binary@0.1.7
75 silly idealTree +-- has-cors@1.1.0
75 silly idealTree +-- has-gulplog@0.1.0
75 silly idealTree +-- homedir-polyfill@1.0.1
75 silly idealTree +-- indexof@0.0.1
75 silly idealTree +-- inflight@1.0.6
75 silly idealTree +-- inherits@2.0.3
75 silly idealTree +-- ini@1.3.4
75 silly idealTree +-- interpret@1.0.4
75 silly idealTree +-- is-absolute-url@1.0.0
75 silly idealTree +-- is-absolute@0.2.6
75 silly idealTree +-- is-buffer@1.1.5
75 silly idealTree +-- is-dotfile@1.0.3
75 silly idealTree +-- is-equal-shallow@0.1.3
75 silly idealTree +-- is-extendable@0.1.1
75 silly idealTree +-- is-extglob@1.0.0
75 silly idealTree +-- is-glob@2.0.1
75 silly idealTree +-- is-number@2.1.0
75 silly idealTree +-- is-plain-object@2.0.4
75 silly idealTree | `-- isobject@3.0.1
75 silly idealTree +-- is-posix-bracket@0.1.1
75 silly idealTree +-- is-primitive@2.0.0
75 silly idealTree +-- is-relative-url@1.0.0
75 silly idealTree +-- is-relative@0.2.1
75 silly idealTree +-- is-stream@1.1.0
75 silly idealTree +-- is-unc-path@0.1.2
75 silly idealTree +-- is-utf8@0.2.1
75 silly idealTree +-- is-valid-glob@0.3.0
75 silly idealTree +-- is-windows@0.2.0
75 silly idealTree +-- is@0.3.0
75 silly idealTree +-- isarray@0.0.1
75 silly idealTree +-- isexe@2.0.0
75 silly idealTree +-- isobject@2.1.0
75 silly idealTree | `-- isarray@1.0.0
75 silly idealTree +-- jquery@3.2.1
75 silly idealTree +-- json-stable-stringify@1.0.1
75 silly idealTree +-- json3@3.3.2
75 silly idealTree +-- jsonify@0.0.0
75 silly idealTree +-- kind-of@3.2.2
75 silly idealTree +-- lazystream@1.0.0
75 silly idealTree | +-- isarray@1.0.0
75 silly idealTree | +-- readable-stream@2.3.3
75 silly idealTree | `-- string_decoder@1.0.3
75 silly idealTree +-- liftoff@2.3.0
75 silly idealTree +-- lodash._basecopy@3.0.1
75 silly idealTree +-- lodash._basetostring@3.0.1
75 silly idealTree +-- lodash._basevalues@3.0.0
75 silly idealTree +-- lodash._getnative@3.9.1
75 silly idealTree +-- lodash._isiterateecall@3.0.9
75 silly idealTree +-- lodash._reescape@3.0.0
75 silly idealTree +-- lodash._reevaluate@3.0.0
75 silly idealTree +-- lodash._reinterpolate@3.0.0
75 silly idealTree +-- lodash._root@3.0.1
75 silly idealTree +-- lodash.escape@3.2.0
75 silly idealTree +-- lodash.isarguments@3.1.0
75 silly idealTree +-- lodash.isarray@3.0.4
75 silly idealTree +-- lodash.isequal@4.5.0
75 silly idealTree +-- lodash.isplainobject@4.0.6
75 silly idealTree +-- lodash.isstring@4.0.1
75 silly idealTree +-- lodash.keys@3.1.2
75 silly idealTree +-- lodash.mapvalues@4.6.0
75 silly idealTree +-- lodash.restparam@3.6.1
75 silly idealTree +-- lodash.template@3.6.2
75 silly idealTree +-- lodash.templatesettings@3.1.1
75 silly idealTree +-- lodash@1.0.2
75 silly idealTree +-- lru-cache@2.7.3
75 silly idealTree +-- make-error-cause@1.2.2
75 silly idealTree +-- make-error@1.3.0
75 silly idealTree +-- map-cache@0.2.2
75 silly idealTree +-- map-stream@0.1.0
75 silly idealTree +-- materialize-css@0.100.2
75 silly idealTree +-- merge-stream@0.1.8
75 silly idealTree | +-- readable-stream@1.0.34
75 silly idealTree | `-- through2@0.6.5
75 silly idealTree +-- micromatch@2.3.11
75 silly idealTree +-- mime-db@1.30.0
75 silly idealTree +-- mime-types@1.0.2
75 silly idealTree +-- mime@1.2.11
75 silly idealTree +-- minimatch@2.0.10
75 silly idealTree +-- minimist@1.2.0
75 silly idealTree +-- mkdirp@0.5.1
75 silly idealTree | `-- minimist@0.0.8
75 silly idealTree +-- ms@0.6.2
75 silly idealTree +-- multipipe@0.1.2
75 silly idealTree +-- natives@1.1.0
75 silly idealTree +-- negotiator@0.4.7
75 silly idealTree +-- node-watch@0.3.5
75 silly idealTree +-- node.extend@1.0.10
75 silly idealTree +-- normalize-path@2.1.1
75 silly idealTree +-- object-assign@3.0.0
75 silly idealTree +-- object-component@0.0.3
75 silly idealTree +-- object.defaults@1.1.0
75 silly idealTree | +-- for-own@1.0.0
75 silly idealTree | `-- isobject@3.0.1
75 silly idealTree +-- object.omit@2.0.1
75 silly idealTree +-- object.pick@1.3.0
75 silly idealTree | `-- isobject@3.0.1
75 silly idealTree +-- on-finished@2.1.0
75 silly idealTree +-- once@1.3.3
75 silly idealTree +-- open@0.0.5
75 silly idealTree +-- options@0.0.6
75 silly idealTree +-- orchestrator@0.3.8
75 silly idealTree +-- ordered-read-streams@0.1.0
75 silly idealTree +-- os-homedir@1.0.2
75 silly idealTree +-- parse-filepath@1.0.1
75 silly idealTree +-- parse-glob@3.0.4
75 silly idealTree +-- parse-passwd@1.0.0
75 silly idealTree +-- parsejson@0.0.3
75 silly idealTree +-- parseqs@0.0.5
75 silly idealTree +-- parseuri@0.0.5
75 silly idealTree +-- parseurl@1.3.2
75 silly idealTree +-- path-dirname@1.0.2
75 silly idealTree +-- path-is-absolute@1.0.1
75 silly idealTree +-- path-parse@1.0.5
75 silly idealTree +-- path-root-regex@0.1.2
75 silly idealTree +-- path-root@0.1.1
75 silly idealTree +-- pause-stream@0.0.11
75 silly idealTree +-- preserve@0.2.0
75 silly idealTree +-- pretty-hrtime@1.0.3
75 silly idealTree +-- process-nextick-args@1.0.7
75 silly idealTree +-- proxy-middleware@0.15.0
75 silly idealTree +-- randomatic@1.1.7
75 silly idealTree | +-- is-number@3.0.0
75 silly idealTree | | `-- kind-of@3.2.2
75 silly idealTree | `-- kind-of@4.0.0
75 silly idealTree +-- range-parser@1.0.3
75 silly idealTree +-- readable-stream@1.1.14
75 silly idealTree +-- rechoir@0.6.2
75 silly idealTree +-- regex-cache@0.4.4
75 silly idealTree +-- remove-trailing-separator@1.1.0
75 silly idealTree +-- repeat-element@1.1.2
75 silly idealTree +-- repeat-string@1.6.1
75 silly idealTree +-- replace-ext@0.0.1
75 silly idealTree +-- resolve-dir@0.1.1
75 silly idealTree +-- resolve@1.4.0
75 silly idealTree +-- safe-buffer@5.1.1
75 silly idealTree +-- semver@4.3.6
75 silly idealTree +-- send@0.8.5
75 silly idealTree +-- sequencify@0.0.7
75 silly idealTree +-- serve-index@1.1.6
75 silly idealTree +-- serve-static@1.5.4
75 silly idealTree +-- sigmund@1.0.1
75 silly idealTree +-- slider-pro@1.3.0
75 silly idealTree +-- socket.io-adapter@0.5.0
75 silly idealTree | +-- debug@2.3.3
75 silly idealTree | `-- ms@0.7.2
75 silly idealTree +-- socket.io-client@1.7.4
75 silly idealTree | +-- component-emitter@1.2.1
75 silly idealTree | +-- debug@2.3.3
75 silly idealTree | `-- ms@0.7.2
75 silly idealTree +-- socket.io-parser@2.3.1
75 silly idealTree | +-- debug@2.2.0
75 silly idealTree | `-- ms@0.7.1
75 silly idealTree +-- socket.io@1.7.4
75 silly idealTree | +-- debug@2.3.3
75 silly idealTree | +-- ms@0.7.2
75 silly idealTree | `-- object-assign@4.1.0
75 silly idealTree +-- source-map@0.5.7
75 silly idealTree +-- sparkles@1.0.0
75 silly idealTree +-- split@0.3.3
75 silly idealTree +-- stream-combiner@0.0.4
75 silly idealTree +-- stream-consume@0.1.0
75 silly idealTree +-- stream-shift@1.0.0
75 silly idealTree +-- string_decoder@0.10.31
75 silly idealTree +-- strip-ansi@3.0.1
75 silly idealTree +-- strip-bom-stream@1.0.0
75 silly idealTree | `-- strip-bom@2.0.0
75 silly idealTree +-- strip-bom@1.0.0
75 silly idealTree +-- supports-color@2.0.0
75 silly idealTree +-- ternary-stream@2.0.1
75 silly idealTree | +-- isarray@1.0.0
75 silly idealTree | +-- merge-stream@1.0.1
75 silly idealTree | +-- readable-stream@2.3.3
75 silly idealTree | `-- string_decoder@1.0.3
75 silly idealTree +-- through@2.3.8
75 silly idealTree +-- through2-filter@2.0.0
75 silly idealTree +-- through2@2.0.3
75 silly idealTree | +-- isarray@1.0.0
75 silly idealTree | +-- readable-stream@2.3.3
75 silly idealTree | `-- string_decoder@1.0.3
75 silly idealTree +-- tildify@1.2.0
75 silly idealTree +-- time-stamp@1.1.0
75 silly idealTree +-- to-absolute-glob@0.1.1
75 silly idealTree +-- to-array@0.1.4
75 silly idealTree +-- uglify-js@3.1.3
75 silly idealTree +-- ultron@1.0.2
75 silly idealTree +-- unc-path-regex@0.1.2
75 silly idealTree +-- unique-stream@1.0.0
75 silly idealTree +-- user-home@1.1.1
75 silly idealTree +-- useref@1.2.0
75 silly idealTree +-- util-deprecate@1.0.2
75 silly idealTree +-- utils-merge@1.0.0
75 silly idealTree +-- v8flags@2.1.1
75 silly idealTree +-- vali-date@1.0.0
75 silly idealTree +-- vinyl-fs@0.3.14
75 silly idealTree | +-- clone@0.2.0
75 silly idealTree | +-- readable-stream@1.0.34
75 silly idealTree | +-- through2@0.6.5
75 silly idealTree | `-- vinyl@0.4.6
75 silly idealTree +-- vinyl-sourcemaps-apply@0.2.1
75 silly idealTree +-- vinyl@0.5.3
75 silly idealTree +-- which@1.3.0
75 silly idealTree +-- wrappy@1.0.2
75 silly idealTree +-- ws@1.1.4
75 silly idealTree +-- wtf-8@1.0.0
75 silly idealTree +-- xmlhttprequest-ssl@1.5.3
75 silly idealTree +-- xtend@4.0.1
75 silly idealTree `-- yeast@0.1.2
76 silly generateActionsToTake Starting
77 silly install generateActionsToTake
78 silly generateActionsToTake Finishing
79 silly diffTrees action count 1
80 silly diffTrees add slider-pro@1.3.0
81 silly decomposeActions action count 8
82 silly decomposeActions fetch slider-pro@1.3.0
83 silly decomposeActions extract slider-pro@1.3.0
84 silly decomposeActions test slider-pro@1.3.0
85 silly decomposeActions preinstall slider-pro@1.3.0
86 silly decomposeActions build slider-pro@1.3.0
87 silly decomposeActions install slider-pro@1.3.0
88 silly decomposeActions postinstall slider-pro@1.3.0
89 silly decomposeActions finalize slider-pro@1.3.0
90 silly runTopLevelLifecycles Starting
91 silly install runPreinstallTopLevelLifecycles
92 silly preinstall pagina@1.0.0 C:\Users\lenovo\Desktop\trabajo\pagina-7d48548d
93 info lifecycle pagina@1.0.0~preinstall: pagina@1.0.0
94 silly lifecycle pagina@1.0.0~preinstall: no script for preinstall, continuing
95 silly executeActions Starting
96 silly install executeActions
97 silly doSerial global-install 0
98 silly doParallel fetch 1
99 verbose correctMkdir C:\Users\lenovo\AppData\Roaming\npm-cache\_locks correctMkdir not in flight; initializing
100 verbose lock using C:\Users\lenovo\AppData\Roaming\npm-cache\_locks\staging-96ffa14af69c0517.lock for C:\Users\lenovo\Desktop\trabajo\node_modules\.staging
101 silly doParallel extract 1
102 silly extract slider-pro@1.3.0
103 verbose unbuild node_modules\.staging\slider-pro-bd565b65
104 silly gentlyRm C:\Users\lenovo\Desktop\trabajo\node_modules\.staging\slider-pro-bd565b65 is being purged from base C:\Users\lenovo\Desktop\trabajo
105 verbose gentlyRm don't care about contents; nuking C:\Users\lenovo\Desktop\trabajo\node_modules\.staging\slider-pro-bd565b65
106 verbose tar unpack C:\Users\lenovo\AppData\Roaming\npm-cache\slider-pro\1.3.0\package.tgz
107 verbose tar unpacking to C:\Users\lenovo\Desktop\trabajo\node_modules\.staging\slider-pro-bd565b65
108 silly gentlyRm C:\Users\lenovo\Desktop\trabajo\node_modules\.staging\slider-pro-bd565b65 is being purged
109 verbose gentlyRm don't care about contents; nuking C:\Users\lenovo\Desktop\trabajo\node_modules\.staging\slider-pro-bd565b65
110 silly gunzTarPerm modes [ '777', '666' ]
111 silly gunzTarPerm extractEntry package.json
112 silly gunzTarPerm modified mode [ 'package.json', 420, 438 ]
113 silly gunzTarPerm extractEntry .npmignore
114 silly gunzTarPerm modified mode [ '.npmignore', 420, 438 ]
115 silly gunzTarPerm extractEntry README.md
116 silly gunzTarPerm modified mode [ 'README.md', 420, 438 ]
117 silly gunzTarPerm extractEntry Gruntfile.js
118 silly gunzTarPerm modified mode [ 'Gruntfile.js', 420, 438 ]
119 silly gunzTarPerm extractEntry libs/jquery-1.11.0.min.js
120 silly gunzTarPerm modified mode [ 'libs/jquery-1.11.0.min.js', 420, 438 ]
121 silly gunzTarPerm extractEntry libs/fancybox/jquery.fancybox.js
122 silly gunzTarPerm modified mode [ 'libs/fancybox/jquery.fancybox.js', 493, 511 ]
123 silly gunzTarPerm extractEntry libs/fancybox/jquery.fancybox.pack.js
124 silly gunzTarPerm modified mode [ 'libs/fancybox/jquery.fancybox.pack.js', 493, 511 ]
125 silly gunzTarPerm extractEntry libs/fancybox/blank.gif
126 silly gunzTarPerm modified mode [ 'libs/fancybox/blank.gif', 493, 511 ]
127 silly gunzTarPerm extractEntry libs/fancybox/fancybox_loading.gif
128 silly gunzTarPerm modified mode [ 'libs/fancybox/fancybox_loading.gif', 493, 511 ]
129 silly gunzTarPerm extractEntry libs/fancybox/fancybox_loading@2x.gif
130 silly gunzTarPerm modified mode [ 'libs/fancybox/fancybox_loading@2x.gif', 493, 511 ]
131 silly gunzTarPerm extractEntry libs/fancybox/fancybox_overlay.png
132 silly gunzTarPerm modified mode [ 'libs/fancybox/fancybox_overlay.png', 493, 511 ]
133 silly gunzTarPerm extractEntry libs/fancybox/fancybox_sprite.png
134 silly gunzTarPerm modified mode [ 'libs/fancybox/fancybox_sprite.png', 493, 511 ]
135 silly gunzTarPerm extractEntry libs/fancybox/fancybox_sprite@2x.png
136 silly gunzTarPerm modified mode [ 'libs/fancybox/fancybox_sprite@2x.png', 493, 511 ]
137 silly gunzTarPerm extractEntry libs/fancybox/helpers/jquery.fancybox-buttons.js
138 silly gunzTarPerm modified mode [ 'libs/fancybox/helpers/jquery.fancybox-buttons.js', 493, 511 ]
139 silly gunzTarPerm extractEntry libs/fancybox/helpers/jquery.fancybox-media.js
140 silly gunzTarPerm modified mode [ 'libs/fancybox/helpers/jquery.fancybox-media.js', 493, 511 ]
141 silly gunzTarPerm extractEntry libs/fancybox/helpers/jquery.fancybox-thumbs.js
142 silly gunzTarPerm modified mode [ 'libs/fancybox/helpers/jquery.fancybox-thumbs.js', 493, 511 ]
143 silly gunzTarPerm extractEntry libs/fancybox/helpers/fancybox_buttons.png
144 silly gunzTarPerm modified mode [ 'libs/fancybox/helpers/fancybox_buttons.png', 493, 511 ]
145 silly gunzTarPerm extractEntry libs/fancybox/helpers/jquery.fancybox-buttons.css
146 silly gunzTarPerm modified mode [ 'libs/fancybox/helpers/jquery.fancybox-buttons.css', 493, 511 ]
147 silly gunzTarPerm extractEntry libs/fancybox/helpers/jquery.fancybox-thumbs.css
148 silly gunzTarPerm modified mode [ 'libs/fancybox/helpers/jquery.fancybox-thumbs.css', 493, 511 ]
149 silly gunzTarPerm extractEntry libs/fancybox/jquery.fancybox.css
150 silly gunzTarPerm modified mode [ 'libs/fancybox/jquery.fancybox.css', 493, 511 ]
151 silly gunzTarPerm extractEntry dist/css/images/blank.gif
152 silly gunzTarPerm modified mode [ 'dist/css/images/blank.gif', 420, 438 ]
153 silly gunzTarPerm extractEntry dist/css/images/closedhand.cur
154 silly gunzTarPerm modified mode [ 'dist/css/images/closedhand.cur', 420, 438 ]
155 silly gunzTarPerm extractEntry dist/css/images/openhand.cur
156 silly gunzTarPerm modified mode [ 'dist/css/images/openhand.cur', 420, 438 ]
157 silly gunzTarPerm extractEntry dist/css/slider-pro.css
158 silly gunzTarPerm modified mode [ 'dist/css/slider-pro.css', 420, 438 ]
159 silly gunzTarPerm extractEntry dist/css/slider-pro.min.css
160 silly gunzTarPerm modified mode [ 'dist/css/slider-pro.min.css', 420, 438 ]
161 silly gunzTarPerm extractEntry dist/js/jquery.sliderPro.js
162 silly gunzTarPerm modified mode [ 'dist/js/jquery.sliderPro.js', 420, 438 ]
163 silly gunzTarPerm extractEntry dist/js/jquery.sliderPro.min.js
164 silly gunzTarPerm modified mode [ 'dist/js/jquery.sliderPro.min.js', 420, 438 ]
165 silly gunzTarPerm extractEntry docs/api.md
166 silly gunzTarPerm modified mode [ 'docs/api.md', 420, 438 ]
167 silly gunzTarPerm extractEntry docs/modules.md
168 silly gunzTarPerm modified mode [ 'docs/modules.md', 420, 438 ]
169 silly gunzTarPerm extractEntry examples/css/examples.css
170 silly gunzTarPerm modified mode [ 'examples/css/examples.css', 420, 438 ]
171 silly gunzTarPerm extractEntry examples/example1.html
172 silly gunzTarPerm modified mode [ 'examples/example1.html', 493, 511 ]
173 silly gunzTarPerm extractEntry examples/example2.html
174 silly gunzTarPerm modified mode [ 'examples/example2.html', 493, 511 ]
175 silly gunzTarPerm extractEntry examples/example3.html
176 silly gunzTarPerm modified mode [ 'examples/example3.html', 493, 511 ]
177 silly gunzTarPerm extractEntry examples/example4.html
178 silly gunzTarPerm modified mode [ 'examples/example4.html', 493, 511 ]
179 silly gunzTarPerm extractEntry examples/example5.html
180 silly gunzTarPerm modified mode [ 'examples/example5.html', 493, 511 ]
181 silly gunzTarPerm extractEntry src/css/slider-pro.layers.css
182 silly gunzTarPerm modified mode [ 'src/css/slider-pro.layers.css', 493, 511 ]
183 silly gunzTarPerm extractEntry src/css/images/blank.gif
184 silly gunzTarPerm modified mode [ 'src/css/images/blank.gif', 420, 438 ]
185 silly gunzTarPerm extractEntry src/css/images/closedhand.cur
186 silly gunzTarPerm modified mode [ 'src/css/images/closedhand.cur', 420, 438 ]
187 silly gunzTarPerm extractEntry src/css/images/openhand.cur
188 silly gunzTarPerm modified mode [ 'src/css/images/openhand.cur', 420, 438 ]
189 silly gunzTarPerm extractEntry src/css/slider-pro.buttons.css
190 silly gunzTarPerm modified mode [ 'src/css/slider-pro.buttons.css', 493, 511 ]
191 silly gunzTarPerm extractEntry src/css/slider-pro.caption.css
192 silly gunzTarPerm modified mode [ 'src/css/slider-pro.caption.css', 493, 511 ]
193 silly gunzTarPerm extractEntry src/css/slider-pro.core.css
194 silly gunzTarPerm modified mode [ 'src/css/slider-pro.core.css', 493, 511 ]
195 silly gunzTarPerm extractEntry src/css/slider-pro.full-screen.css
196 silly gunzTarPerm modified mode [ 'src/css/slider-pro.full-screen.css', 493, 511 ]
197 silly gunzTarPerm extractEntry src/css/slider-pro.arrows.css
198 silly gunzTarPerm modified mode [ 'src/css/slider-pro.arrows.css', 493, 511 ]
199 silly gunzTarPerm extractEntry src/css/slider-pro.thumbnail-arrows.css
200 silly gunzTarPerm modified mode [ 'src/css/slider-pro.thumbnail-arrows.css', 493, 511 ]
201 silly gunzTarPerm extractEntry src/css/slider-pro.thumbnails.css
202 silly gunzTarPerm modified mode [ 'src/css/slider-pro.thumbnails.css', 493, 511 ]
203 silly gunzTarPerm extractEntry src/css/slider-pro.touch-swipe.css
204 silly gunzTarPerm modified mode [ 'src/css/slider-pro.touch-swipe.css', 493, 511 ]
205 silly gunzTarPerm extractEntry src/css/slider-pro.video.css
206 silly gunzTarPerm modified mode [ 'src/css/slider-pro.video.css', 493, 511 ]
207 silly gunzTarPerm extractEntry src/css/slider-pro.wp.css
208 silly gunzTarPerm modified mode [ 'src/css/slider-pro.wp.css', 493, 511 ]
209 silly gunzTarPerm extractEntry src/js/jquery.sliderPro.arrows.js
210 silly gunzTarPerm modified mode [ 'src/js/jquery.sliderPro.arrows.js', 420, 438 ]
211 silly gunzTarPerm extractEntry src/js/jquery.sliderPro.core.js
212 silly gunzTarPerm modified mode [ 'src/js/jquery.sliderPro.core.js', 420, 438 ]
213 silly gunzTarPerm extractEntry src/js/jquery.sliderPro.deepLinking.js
214 silly gunzTarPerm modified mode [ 'src/js/jquery.sliderPro.deepLinking.js', 420, 438 ]
215 silly gunzTarPerm extractEntry src/js/jquery.sliderPro.fade.js
216 silly gunzTarPerm modified mode [ 'src/js/jquery.sliderPro.fade.js', 420, 438 ]
217 silly gunzTarPerm extractEntry src/js/jquery.sliderPro.fullScreen.js
218 silly gunzTarPerm modified mode [ 'src/js/jquery.sliderPro.fullScreen.js', 420, 438 ]
219 silly gunzTarPerm extractEntry src/js/jquery.sliderPro.conditionalImages.js
220 silly gunzTarPerm modified mode [ 'src/js/jquery.sliderPro.conditionalImages.js', 420, 438 ]
221 silly gunzTarPerm extractEntry src/js/jquery.sliderPro.layers.js
222 silly gunzTarPerm modified mode [ 'src/js/jquery.sliderPro.layers.js', 420, 438 ]
223 silly gunzTarPerm extractEntry src/js/jquery.sliderPro.lazyLoading.js
224 silly gunzTarPerm modified mode [ 'src/js/jquery.sliderPro.lazyLoading.js', 420, 438 ]
225 silly gunzTarPerm extractEntry src/js/jquery.sliderPro.retina.js
226 silly gunzTarPerm modified mode [ 'src/js/jquery.sliderPro.retina.js', 420, 438 ]
227 silly gunzTarPerm extractEntry src/js/jquery.sliderPro.thumbnailArrows.js
228 silly gunzTarPerm modified mode [ 'src/js/jquery.sliderPro.thumbnailArrows.js', 420, 438 ]
229 silly gunzTarPerm extractEntry src/js/jquery.sliderPro.thumbnailTouchSwipe.js
230 silly gunzTarPerm modified mode [ 'src/js/jquery.sliderPro.thumbnailTouchSwipe.js', 420, 438 ]
231 silly gunzTarPerm extractEntry src/js/jquery.sliderPro.caption.js
232 silly gunzTarPerm modified mode [ 'src/js/jquery.sliderPro.caption.js', 420, 438 ]
233 silly gunzTarPerm extractEntry src/js/jquery.sliderPro.thumbnails.js
234 silly gunzTarPerm modified mode [ 'src/js/jquery.sliderPro.thumbnails.js', 420, 438 ]
235 silly gunzTarPerm extractEntry src/js/jquery.sliderPro.buttons.js
236 silly gunzTarPerm modified mode [ 'src/js/jquery.sliderPro.buttons.js', 420, 438 ]
237 silly gunzTarPerm extractEntry src/js/jquery.sliderPro.touchSwipe.js
238 silly gunzTarPerm modified mode [ 'src/js/jquery.sliderPro.touchSwipe.js', 420, 438 ]
239 silly gunzTarPerm extractEntry src/js/jquery.sliderPro.autoplay.js
240 silly gunzTarPerm modified mode [ 'src/js/jquery.sliderPro.autoplay.js', 420, 438 ]
241 silly gunzTarPerm extractEntry src/js/jquery.sliderPro.video.js
242 silly gunzTarPerm modified mode [ 'src/js/jquery.sliderPro.video.js', 420, 438 ]
243 silly gunzTarPerm extractEntry src/js/jquery.sliderPro.keyboard.js
244 silly gunzTarPerm modified mode [ 'src/js/jquery.sliderPro.keyboard.js', 420, 438 ]
245 silly gunzTarPerm extractEntry bower.json
246 silly gunzTarPerm modified mode [ 'bower.json', 420, 438 ]
247 silly gentlyRm C:\Users\lenovo\Desktop\trabajo\node_modules\.staging\slider-pro-bd565b65\node_modules is being purged
248 verbose gentlyRm don't care about contents; nuking C:\Users\lenovo\Desktop\trabajo\node_modules\.staging\slider-pro-bd565b65\node_modules
249 silly doParallel preinstall 1
250 silly preinstall slider-pro@1.3.0 C:\Users\lenovo\Desktop\trabajo\node_modules\.staging\slider-pro-bd565b65
251 info lifecycle slider-pro@1.3.0~preinstall: slider-pro@1.3.0
252 silly lifecycle slider-pro@1.3.0~preinstall: no script for preinstall, continuing
253 silly doReverseSerial remove 0
254 silly doSerial move 0
255 silly doSerial finalize 1
256 silly finalize C:\Users\lenovo\Desktop\trabajo\node_modules\slider-pro
257 verbose unlock done using C:\Users\lenovo\AppData\Roaming\npm-cache\_locks\staging-96ffa14af69c0517.lock for C:\Users\lenovo\Desktop\trabajo\node_modules\.staging
258 silly rollbackFailedOptional Starting
259 silly rollbackFailedOptional Finishing
260 silly runTopLevelLifecycles Finishing
261 silly install printInstalled
262 warn pagina@1.0.0 No repository field.
263 verbose If you need help, you may report this error at:
263 verbose     <https://github.com/npm/npm/issues>
264 verbose stack Error: EPERM: operation not permitted, rename 'C:\Users\lenovo\Desktop\trabajo\node_modules\.staging\slider-pro-bd565b65' -> 'C:\Users\lenovo\Desktop\trabajo\node_modules\slider-pro'
264 verbose stack     at destStatted (C:\Program Files\nodejs\node_modules\npm\lib\install\action\finalize.js:25:7)
264 verbose stack     at C:\Program Files\nodejs\node_modules\npm\node_modules\graceful-fs\polyfills.js:264:29
264 verbose stack     at FSReqWrap.oncomplete (fs.js:123:15)
264 verbose stack
264 verbose stack Error: EPERM: operation not permitted, rename 'C:\Users\lenovo\Desktop\trabajo\node_modules\.staging\slider-pro-bd565b65' -> 'C:\Users\lenovo\Desktop\trabajo\node_modules\slider-pro'
264 verbose stack     at Error (native)
265 verbose cwd C:\Users\lenovo\Desktop\trabajo
266 error Windows_NT 6.1.7601
267 error argv "C:\\Program Files\\nodejs\\node.exe" "C:\\Program Files\\nodejs\\node_modules\\npm\\bin\\npm-cli.js" "install"
268 error node v6.11.2
269 error npm  v3.10.10
270 error path C:\Users\lenovo\Desktop\trabajo\node_modules\.staging\slider-pro-bd565b65
271 error code EPERM
272 error errno -4048
273 error syscall rename
274 error Error: EPERM: operation not permitted, rename 'C:\Users\lenovo\Desktop\trabajo\node_modules\.staging\slider-pro-bd565b65' -> 'C:\Users\lenovo\Desktop\trabajo\node_modules\slider-pro'
274 error     at destStatted (C:\Program Files\nodejs\node_modules\npm\lib\install\action\finalize.js:25:7)
274 error     at C:\Program Files\nodejs\node_modules\npm\node_modules\graceful-fs\polyfills.js:264:29
274 error     at FSReqWrap.oncomplete (fs.js:123:15)
274 error
274 error Error: EPERM: operation not permitted, rename 'C:\Users\lenovo\Desktop\trabajo\node_modules\.staging\slider-pro-bd565b65' -> 'C:\Users\lenovo\Desktop\trabajo\node_modules\slider-pro'
274 error     at Error (native)
274 error  { Error: EPERM: operation not permitted, rename 'C:\Users\lenovo\Desktop\trabajo\node_modules\.staging\slider-pro-bd565b65' -> 'C:\Users\lenovo\Desktop\trabajo\node_modules\slider-pro'
274 error     at destStatted (C:\Program Files\nodejs\node_modules\npm\lib\install\action\finalize.js:25:7)
274 error     at C:\Program Files\nodejs\node_modules\npm\node_modules\graceful-fs\polyfills.js:264:29
274 error     at FSReqWrap.oncomplete (fs.js:123:15)
274 error
274 error Error: EPERM: operation not permitted, rename 'C:\Users\lenovo\Desktop\trabajo\node_modules\.staging\slider-pro-bd565b65' -> 'C:\Users\lenovo\Desktop\trabajo\node_modules\slider-pro'
274 error     at Error (native) parent: 'pagina' }
275 error Please try running this command again as root/Administrator.
276 verbose exit [ -4048, true ]
